  20221005_kgs_test2.cpp
D:\C -program\20221005\20221005_kgs_test2\20221005_kgs_test2\20221005_kgs_test2.cpp(15,21): error C3071: '%' 연산자는 ref 클래스 또는 값 형식의 인스턴스에만 적용할 수 있습니다.
D:\C -program\20221005\20221005_kgs_test2\20221005_kgs_test2\20221005_kgs_test2.cpp(15,11): warning C4477: 'scanf' : 서식 문자열 '%d'에 'int *' 형식의 인수가 필요하지만 variadic 인수 1의 형식이 'int'입니다.
D:\C -program\20221005\20221005_kgs_test2\20221005_kgs_test2\20221005_kgs_test2.cpp(22,16): warning C4473: 'printf': 서식 문자열에 대한 인수가 충분하게 전달되지 않았습니다.
D:\C -program\20221005\20221005_kgs_test2\20221005_kgs_test2\20221005_kgs_test2.cpp(22,16): message : 자리 표시자 및 해당 매개 변수에는 variadic 인수가 1개 필요하지만 0개가 제공되었습니다.
D:\C -program\20221005\20221005_kgs_test2\20221005_kgs_test2\20221005_kgs_test2.cpp(22,16): message : 누락된 variadic 인수 1이(가) 서식 문자열 '%d'에 필요합니다.
D:\C -program\20221005\20221005_kgs_test2\20221005_kgs_test2\20221005_kgs_test2.cpp(25,12): error C2059: 구문 오류: ')'
D:\C -program\20221005\20221005_kgs_test2\20221005_kgs_test2\20221005_kgs_test2.cpp(26,5): error C2143: 구문 오류: ';'이(가) '{' 앞에 없습니다.
D:\C -program\20221005\20221005_kgs_test2\20221005_kgs_test2\20221005_kgs_test2.cpp(34,5): error C2059: 구문 오류: 'return'
D:\C -program\20221005\20221005_kgs_test2\20221005_kgs_test2\20221005_kgs_test2.cpp(15,5): error C4996: 'scanf': This function or variable may be unsafe. Consider using scanf_s instead. To disable deprecation, use _CRT_SECURE_NO_WARNINGS. See online help for details.
